{
  "0 debug pnpm:scope": {
    "selected": 1
  },
  "1 error pnpm": {
    "errno": 1,
    "code": "ELIFECYCLE",
    "pkgid": "t6e@1.0.1",
    "stage": "publish",
    "script": "npm publish",
    "pkgname": "t6e",
    "err": {
      "name": "pnpm",
      "message": "t6e@1.0.1 publish: `npm publish`\nExit status 1",
      "code": "ELIFECYCLE",
      "stack": "pnpm: t6e@1.0.1 publish: `npm publish`\nExit status 1\n    at EventEmitter.<anonymous> (P:\\dev\\node\\node_modules\\pnpm\\dist\\pnpm.cjs:103408:20)\n    at EventEmitter.emit (node:events:390:28)\n    at ChildProcess.<anonymous> (P:\\dev\\node\\node_modules\\pnpm\\dist\\pnpm.cjs:91337:18)\n    at ChildProcess.emit (node:events:390:28)\n    at maybeClose (node:internal/child_process:1064:16)\n    at Process.ChildProcess._handle.onexit (node:internal/child_process:301:5)"
    }
  },
  "2 warn pnpm:global": " Local package.json exists, but node_modules missing, did you mean to install?"
}